<?xml version="1.0" encoding="UTF-8"?>
<!-- Generated by org.testng.reporters.JUnitReportReporter -->
<testsuite name="org.testing.TestCases.TestCase6" tests="1" time="0.012" ignored="0" failures="0" timestamp="06 Jul 2020 18:25:12 GMT" skipped="0" hostname="Dhruv-Laptop" errors="0">
  <testcase name="TC6" time="0.012" classname="org.testing.TestCases.TestCase6"/>
</testsuite> <!-- org.testing.TestCases.TestCase6 -->
