<?xml version="1.0" encoding="UTF-8"?>
<!-- Generated by org.testng.reporters.JUnitReportReporter -->
<testsuite name="org.testing.TestCases.TestCase8" tests="1" time="0.035" ignored="0" failures="0" timestamp="12 Jul 2020 11:16:49 GMT" skipped="0" hostname="Dhruv-Laptop" errors="0">
  <testcase name="TC8" time="0.035" classname="org.testing.TestCases.TestCase8"/>
</testsuite> <!-- org.testing.TestCases.TestCase8 -->
