<?xml version="1.0" encoding="UTF-8"?>
<!-- Generated by org.testng.reporters.JUnitReportReporter -->
<testsuite name="org.testing.TestCases.GetRequestAllData" tests="1" time="0.098" ignored="0" failures="0" timestamp="06 Jul 2020 18:25:12 GMT" skipped="0" hostname="Dhruv-Laptop" errors="0">
  <testcase name="TC3" time="0.098" classname="org.testing.TestCases.GetRequestAllData"/>
</testsuite> <!-- org.testing.TestCases.GetRequestAllData -->
