<?xml version="1.0" encoding="UTF-8"?>
<!-- Generated by org.testng.reporters.JUnitReportReporter -->
<testsuite name="org.testing.TestCases.TestCase7" tests="1" time="0.002" ignored="0" failures="0" timestamp="06 Jul 2020 18:25:12 GMT" skipped="0" hostname="Dhruv-Laptop" errors="0">
  <testcase name="TC7" time="0.002" classname="org.testing.TestCases.TestCase7"/>
</testsuite> <!-- org.testing.TestCases.TestCase7 -->
