<?xml version="1.0" encoding="UTF-8"?>
<!-- Generated by org.testng.reporters.JUnitReportReporter -->
<testsuite name="org.testing.TestCases.PostRequestHit" tests="1" time="2.754" ignored="0" failures="0" timestamp="06 Jul 2020 18:25:12 GMT" skipped="0" hostname="Dhruv-Laptop" errors="0">
  <testcase name="TC1" time="2.754" classname="org.testing.TestCases.PostRequestHit"/>
</testsuite> <!-- org.testing.TestCases.PostRequestHit -->
